<?xml version="1.0" encoding="UTF-8"?>
<!-- Generated by org.testng.reporters.JUnitReportReporter -->
<testsuite hostname="NDI-LAP-339" name="testCases.LoginTC" tests="1" failures="0" timestamp="9 Apr 2014 08:24:44 GMT" time="0.009" errors="0">
  <testcase name="randnumber" time="0.009" classname="testCases.LoginTC"/>
</testsuite> <!-- testCases.LoginTC -->
