<?xml version="1.0" encoding="UTF-8"?>
<!-- Generated by org.testng.reporters.JUnitReportReporter -->
<testsuite hostname="NDI-LAP-339" name="testCases.LoginTC" tests="5" failures="0" timestamp="8 Apr 2014 06:25:48 GMT" time="10.214" errors="0">
  <testcase name="loginWithCorrectCredentials" time="8.506" classname="testCases.LoginTC"/>
  <testcase name="loginWithBlankUsername" time="0.197" classname="testCases.LoginTC"/>
  <testcase name="loginWithBlankCredentials" time="0.355" classname="testCases.LoginTC"/>
  <testcase name="loginWithWrongCredentials" time="0.253" classname="testCases.LoginTC"/>
  <testcase name="loginWithBlankPassowrd" time="0.903" classname="testCases.LoginTC"/>
</testsuite> <!-- testCases.LoginTC -->
