<?xml version="1.0" encoding="UTF-8"?>
<!-- Generated by org.testng.reporters.JUnitReportReporter -->
<testsuite hostname="NDI-LAP-339" name="testCases.LoginTC" tests="5" failures="0" timestamp="8 Apr 2014 06:00:02 GMT" time="6.329" errors="0">
  <testcase name="loginWithBlankPassowrd" time="1.010" classname="testCases.LoginTC"/>
  <testcase name="loginWithBlankCredentials" time="0.255" classname="testCases.LoginTC"/>
  <testcase name="loginWithCorrectCredentials" time="4.052" classname="testCases.LoginTC"/>
  <testcase name="loginWithBlankUsername" time="0.195" classname="testCases.LoginTC"/>
  <testcase name="loginWithWrongCredentials" time="0.817" classname="testCases.LoginTC"/>
</testsuite> <!-- testCases.LoginTC -->
