<?xml version="1.0" encoding="UTF-8"?>
<!-- Generated by org.testng.reporters.JUnitReportReporter -->
<testsuite hostname="NDI-LAP-339" name="pageElements.CreateNCRPage" tests="5" failures="0" timestamp="3 Apr 2014 09:40:59 GMT" time="32.490" errors="0">
  <testcase name="loginWithCorrectCredentials" time="29.465" classname="pageElements.CreateNCRPage"/>
  <testcase name="loginWithBlankPassowrd" time="1.047" classname="pageElements.CreateNCRPage"/>
  <testcase name="loginWithBlankUsername" time="0.391" classname="pageElements.CreateNCRPage"/>
  <testcase name="loginWithBlankCredentials" time="1.160" classname="pageElements.CreateNCRPage"/>
  <testcase name="loginWithWrongCredentials" time="0.427" classname="pageElements.CreateNCRPage"/>
</testsuite> <!-- pageElements.CreateNCRPage -->
