<?xml version="1.0" encoding="UTF-8"?>
<!-- Generated by org.testng.reporters.JUnitReportReporter -->
<testsuite hostname="NDI-LAP-339" name="testCases.LoginTC" tests="5" failures="0" timestamp="8 Apr 2014 06:42:32 GMT" time="10.448" errors="0">
  <testcase name="loginWithCorrectCredentials" time="8.838" classname="testCases.LoginTC"/>
  <testcase name="loginWithWrongCredentials" time="0.236" classname="testCases.LoginTC"/>
  <testcase name="loginWithBlankUsername" time="0.181" classname="testCases.LoginTC"/>
  <testcase name="loginWithBlankPassowrd" time="0.935" classname="testCases.LoginTC"/>
  <testcase name="loginWithBlankCredentials" time="0.258" classname="testCases.LoginTC"/>
</testsuite> <!-- testCases.LoginTC -->
