<?xml version="1.0" encoding="UTF-8"?>
<!-- Generated by org.testng.reporters.JUnitReportReporter -->
<testsuite hostname="NDI-LAP-339" name="pageElements.CreateNCRPage" tests="1" failures="0" timestamp="3 Apr 2014 07:31:36 GMT" time="19.217" errors="0">
  <testcase name="beforeclass" time="19.217" classname="pageElements.CreateNCRPage"/>
</testsuite> <!-- pageElements.CreateNCRPage -->
